<?xml version="1.0" encoding="UTF-8"?>
<testsuite xmlns:xsi="http://www.w3.org/2001/XMLSchema-instance" xsi:noNamespaceSchemaLocation="https://maven.apache.org/surefire/maven-surefire-plugin/xsd/surefire-test-report-3.0.xsd" version="3.0" name="com.sathya.spring.AppTest" time="0.034" tests="1" errors="0" skipped="0" failures="0">
  <properties>
    <property name="java.specification.version" value="21"/>
    <property name="sun.cpu.isalist" value="amd64"/>
    <property name="sun.jnu.encoding" value="Cp1252"/>
    <property name="java.class.path" value="C:\Users\ABHISHEK\eclipse-workspace1\Greetingex\target\test-classes;C:\Users\ABHISHEK\eclipse-workspace1\Greetingex\target\classes;C:\Users\ABHISHEK\.m2\repository\org\springframework\spring-core\5.2.25.RELEASE\spring-core-5.2.25.RELEASE.jar;C:\Users\ABHISHEK\.m2\repository\org\springframework\spring-jcl\5.2.25.RELEASE\spring-jcl-5.2.25.RELEASE.jar;C:\Users\ABHISHEK\.m2\repository\org\springframework\spring-context\5.2.25.RELEASE\spring-context-5.2.25.RELEASE.jar;C:\Users\ABHISHEK\.m2\repository\org\springframework\spring-aop\5.2.25.RELEASE\spring-aop-5.2.25.RELEASE.jar;C:\Users\ABHISHEK\.m2\repository\org\springframework\spring-beans\5.2.25.RELEASE\spring-beans-5.2.25.RELEASE.jar;C:\Users\ABHISHEK\.m2\repository\org\springframework\spring-expression\5.2.25.RELEASE\spring-expression-5.2.25.RELEASE.jar;C:\Users\ABHISHEK\.m2\repository\junit\junit\3.8.1\junit-3.8.1.jar;"/>
    <property name="java.vm.vendor" value="Oracle Corporation"/>
    <property name="sun.arch.data.model" value="64"/>
    <property name="user.variant" value=""/>
    <property name="java.vendor.url" value="https://java.oracle.com/"/>
    <property name="user.timezone" value="Asia/Calcutta"/>
    <property name="os.name" value="Windows 11"/>
    <property name="java.vm.specification.version" value="21"/>
    <property name="sun.java.launcher" value="SUN_STANDARD"/>
    <property name="user.country" value="IN"/>
    <property name="sun.boot.library.path" value="C:\Program Files\Java\jdk-21\bin"/>
    <property name="sun.java.command" value="C:\Users\ABHISHEK\AppData\Local\Temp\surefire6852507354848361760\surefirebooter-20240314150110121_3.jar C:\Users\ABHISHEK\AppData\Local\Temp\surefire6852507354848361760 2024-03-14T15-01-09_838-jvmRun1 surefire-20240314150110121_1tmp surefire_0-20240314150110121_2tmp"/>
    <property name="jdk.debug" value="release"/>
    <property name="surefire.test.class.path" value="C:\Users\ABHISHEK\eclipse-workspace1\Greetingex\target\test-classes;C:\Users\ABHISHEK\eclipse-workspace1\Greetingex\target\classes;C:\Users\ABHISHEK\.m2\repository\org\springframework\spring-core\5.2.25.RELEASE\spring-core-5.2.25.RELEASE.jar;C:\Users\ABHISHEK\.m2\repository\org\springframework\spring-jcl\5.2.25.RELEASE\spring-jcl-5.2.25.RELEASE.jar;C:\Users\ABHISHEK\.m2\repository\org\springframework\spring-context\5.2.25.RELEASE\spring-context-5.2.25.RELEASE.jar;C:\Users\ABHISHEK\.m2\repository\org\springframework\spring-aop\5.2.25.RELEASE\spring-aop-5.2.25.RELEASE.jar;C:\Users\ABHISHEK\.m2\repository\org\springframework\spring-beans\5.2.25.RELEASE\spring-beans-5.2.25.RELEASE.jar;C:\Users\ABHISHEK\.m2\repository\org\springframework\spring-expression\5.2.25.RELEASE\spring-expression-5.2.25.RELEASE.jar;C:\Users\ABHISHEK\.m2\repository\junit\junit\3.8.1\junit-3.8.1.jar;"/>
    <property name="sun.cpu.endian" value="little"/>
    <property name="user.home" value="C:\Users\ABHISHEK"/>
    <property name="user.language" value="en"/>
    <property name="java.specification.vendor" value="Oracle Corporation"/>
    <property name="java.version.date" value="2024-01-16"/>
    <property name="java.home" value="C:\Program Files\Java\jdk-21"/>
    <property name="file.separator" value="\"/>
    <property name="basedir" value="C:\Users\ABHISHEK\eclipse-workspace1\Greetingex"/>
    <property name="style.color" value="always"/>
    <property name="java.vm.compressedOopsMode" value="32-bit"/>
    <property name="line.separator" value="&#10;"/>
    <property name="java.vm.specification.vendor" value="Oracle Corporation"/>
    <property name="java.specification.name" value="Java Platform API Specification"/>
    <property name="surefire.real.class.path" value="C:\Users\ABHISHEK\AppData\Local\Temp\surefire6852507354848361760\surefirebooter-20240314150110121_3.jar"/>
    <property name="user.script" value=""/>
    <property name="sun.management.compiler" value="HotSpot 64-Bit Tiered Compilers"/>
    <property name="java.runtime.version" value="21.0.2+13-LTS-58"/>
    <property name="user.name" value="ABHISHEK"/>
    <property name="stdout.encoding" value="Cp1252"/>
    <property name="path.separator" value=";"/>
    <property name="os.version" value="10.0"/>
    <property name="java.runtime.name" value="Java(TM) SE Runtime Environment"/>
    <property name="file.encoding" value="UTF-8"/>
    <property name="java.vm.name" value="Java HotSpot(TM) 64-Bit Server VM"/>
    <property name="localRepository" value="C:\Users\ABHISHEK\.m2\repository"/>
    <property name="java.vendor.url.bug" value="https://bugreport.java.com/bugreport/"/>
    <property name="java.io.tmpdir" value="C:\Users\ABHISHEK\AppData\Local\Temp\"/>
    <property name="java.version" value="21.0.2"/>
    <property name="user.dir" value="C:\Users\ABHISHEK\eclipse-workspace1\Greetingex"/>
    <property name="os.arch" value="amd64"/>
    <property name="java.vm.specification.name" value="Java Virtual Machine Specification"/>
    <property name="sun.os.patch.level" value=""/>
    <property name="native.encoding" value="Cp1252"/>
    <property name="java.library.path" value="C:\Program Files\Java\jdk-21\bin;C:\WINDOWS\Sun\Java\bin;C:\WINDOWS\system32;C:\WINDOWS;C:/Program Files/Java/jdk-21/bin/server;C:/Program Files/Java/jdk-21/bin;C:\oraclexe\app\oracle\product\11.2.0\server\bin;;C:\Program Files\Java\jdk-21\bin;C:\Users\ABHISHEK\AppData\Local\Programs\Microsoft VS Code\bin;C:\Users\ABHISHEK\AppData\Roaming\npm;C:\Program Files\Java\jdk1.8.0_201\bin;C:\Program Files\Java\jdk-21\bin;;C:\WINDOWS\system32;;."/>
    <property name="java.vm.info" value="mixed mode, sharing"/>
    <property name="stderr.encoding" value="Cp1252"/>
    <property name="java.vendor" value="Oracle Corporation"/>
    <property name="java.vm.version" value="21.0.2+13-LTS-58"/>
    <property name="sun.io.unicode.encoding" value="UnicodeLittle"/>
    <property name="java.class.version" value="65.0"/>
  </properties>
  <testcase name="testApp" classname="com.sathya.spring.AppTest" time="0.005"/>
</testsuite>